Fitted Gaussian Mixture
6               2
0.000000000000000E+000  0.113081263750351
1.18376470977147  0.248748365182502
0.524584541761247 -5.582923793007743E-002  0.159853205358646
0.000000000000000E+000  6.341294741011723E-002
-9.893591447401427E-003 -0.944980069396128
1.53381366682445  9.392594820369905E-002  0.836815252975840
0.000000000000000E+000  6.094912951233282E-002
-1.69288255064477  -1.66350955124969
0.309783073714809  0.252759578864434  0.318728422664643
0.000000000000000E+000  0.107660233039382
0.459885402489385  0.876967486688788
0.216197648178218 -8.069102339061036E-003  0.223395409816593
0.000000000000000E+000  0.253119666559287
-0.560271921066360   1.03983567469187
0.308820052382328 -4.574451698749716E-002  0.643330483781655
0.000000000000000E+000  0.401776759728529
0.154936693053209 -0.583855663043027
0.691952694595356  0.183517252042283  0.370320723534324
