Fitted Gaussian Mixture
10              3
0.000000000000000E+000  0.108252561391261
-0.719505642192903  0.437272119591267  2.278280574938617E-002
0.560558878381271  3.063383213639243E-002 -8.357240484215350E-002  0.247221620861696 -6.148094557074850E-002  0.449358475402536
0.000000000000000E+000  0.131225730428758
-0.286571149094474 -0.658347353741144  0.590472655365482
0.443598739663850  0.353554609466995  5.767858132198336E-002  0.517509364138811  5.896529857556227E-002  0.154457741482454
0.000000000000000E+000  0.107887159351581
-0.262602334019804 -0.842904030862108 -0.715079270873985
0.267608735265278  0.301507899525531 -2.178335979361500E-002  0.534929282005451 -0.102148159600400  0.680524446011548
0.000000000000000E+000  0.105450484474370
-1.20924758697756 -0.833170542601592 -0.517365446360492
0.565315744076687  0.387811712678699 -9.019614103432730E-002  0.843665110140333 -5.572662395429567E-002  0.656437719429901
0.000000000000000E+000  3.834963338173306E-002
0.602396892791508  0.645545511985169   1.42327869015703
5.468233605723002E-002  1.726114243959007E-002  2.274469224185081E-002  9.888080451612644E-002  1.462342072439027E-002  6.312720080172499E-002
0.000000000000000E+000  7.575768177742659E-002
0.788233498436767   1.21349669839991   1.54287576096419
0.612665240668991  0.166753363761856  0.196681403917232  0.478587459501745  0.239260422546922  0.416886945691703
0.000000000000000E+000  7.360313366803885E-002
0.914646107915786 -0.262804528401764 -2.535564864648252E-002
0.323495257377623  4.852275217112604E-003  0.237305277171240  0.163026588797243 -3.348474370334680E-002  0.891788704225255
0.000000000000000E+000  7.033689573074606E-002
-0.125247419770730 -4.479759798504198E-002  -1.01837661359279
0.897601046685427 -0.148115693209520  4.043565072857529E-003  0.541438082230879 -0.209970930965874  0.516361213323968
0.000000000000000E+000  0.197285931521961
0.145642582409728  5.989529632435291E-002 -0.186662569772897
0.635974808348522  0.506190424967920 -3.765606977073413E-003  0.643219670978745  2.134961253760511E-002  0.327995233042086
0.000000000000000E+000  9.185078827412524E-002
1.09908070256119   1.20856439612768 -5.987277376043980E-002
0.724357740362260  2.215644918394140E-002  5.825828056560595E-002  0.508726089201273  0.111643777791183   1.17123781505242
