Experimental Variograms (VarCalc Version 1.002)
8
Variogram Index
Lag Distance
Number of Pairs
Variogram Value
Variogram Number
Calculation Azimuth
Calculation Dip
Variogram Type
     1      0.000000         0   -999.000000     1      0.000000      0.000000     1
     1      0.549346        20      0.230234     1      0.000000      0.000000     1
     1      1.095717      4642      0.460514     1      0.000000      0.000000     1
     1      1.637550      4682      0.690726     1      0.000000      0.000000     1
     1      2.117085      5407      0.888928     1      0.000000      0.000000     1
     1      2.568312      6341      1.077248     1      0.000000      0.000000     1
     1      2.997830      6989      1.261958     1      0.000000      0.000000     1
     1      3.427740      6342      1.363072     1      0.000000      0.000000     1
     1      3.887206      5671      1.364101     1      0.000000      0.000000     1
     1      4.376704      5242      1.366493     1      0.000000      0.000000     1
     1      4.872409      4958      1.371180     1      0.000000      0.000000     1
     1      5.387921      4970      1.378286     1      0.000000      0.000000     1
     1      5.891343      4926      1.383757     1      0.000000      0.000000     1
     1      6.416804      6392      1.458456     1      0.000000      0.000000     1
     1      6.926771      8269      1.325592     1      0.000000      0.000000     1
     1      7.458112     10474      1.285907     1      0.000000      0.000000     1
     1      7.988883     13374      1.273984     1      0.000000      0.000000     1
     2      0.000000         0   -999.000000     1      0.000000    -90.000000     1
     2      0.565824        20      0.009838     1      0.000000    -90.000000     1
     2      1.106022      6221      0.058835     1      0.000000    -90.000000     1
     2      1.608623      8715      0.119594     1      0.000000    -90.000000     1
     2      2.113567     11390      0.190136     1      0.000000    -90.000000     1
     2      2.520655     17174      0.234721     1      0.000000    -90.000000     1
     2      2.948056     18628      0.269752     1      0.000000    -90.000000     1
     2      3.403566     17020      0.406986     1      0.000000    -90.000000     1
     2      3.941762     19312      0.484210     1      0.000000    -90.000000     1
     2      4.467006     21147      0.556366     1      0.000000    -90.000000     1
     2      5.000867     23729      0.666381     1      0.000000    -90.000000     1
     2      5.518912     24882      0.730408     1      0.000000    -90.000000     1
     2      6.043766     25536      0.778520     1      0.000000    -90.000000     1
     2      6.554163     28157      0.870420     1      0.000000    -90.000000     1
     2      7.053765     27719      0.924663     1      0.000000    -90.000000     1
     2      7.531277     29779      0.939600     1      0.000000    -90.000000     1
     2      8.022855     30774      0.984780     1      0.000000    -90.000000     1
