KT3DN ESTIMATES WITH: data                                                      
    7   10   10   10
x
y
z
True
Estimate
EstimationVariance
Error: est-true
 6.5000000      7.5000000      7.5000000     0.12530000E-01 -.11631147     0.22506635                  0
 2.5000000      8.5000000      7.5000000     0.65884000     -.37487050     0.23551633                 -1
 7.5000000      6.5000000      9.5000000     -1.2535700     -.39346501E-01 0.22789801                  1
 1.5000000      7.5000000      3.5000000     -2.1700900     -.47805620     0.22381113                  1
 4.5000000      5.5000000      2.5000000     0.26631000     -.29298034     0.22490768                  0
 5.5000000      2.5000000      4.5000000      1.4395300     0.41730094     0.22252488                 -1
0.50000000      6.5000000      1.5000000     -1.8119100     -.34592361     0.22927257                  1
 1.5000000      6.5000000      7.5000000     -1.5141000     -.34212538     0.22371611                  1
 1.5000000      3.5000000      2.5000000     0.78919000     0.16467343E-01 0.22559082                  0
 2.5000000      1.5000000      6.5000000      2.1700900     0.67045034     0.22866270                 -1
 2.5000000      6.5000000      6.5000000     0.53884000     -.42113118     0.22273064                  0
0.50000000      8.5000000      2.5000000     -1.0581200     -.49320302     0.23242042                  0
 2.5000000      1.5000000      7.5000000     0.62801000     0.71796735     0.22464201                  0
0.50000000      1.5000000      2.5000000      1.5141000     0.53761355     0.24076612                  0
0.50000000      6.5000000      5.5000000     -1.9599600     -.52513307     0.22725427                  1
 9.5000000      4.5000000     0.50000000     0.72248000     0.22622070E-02 0.23567457                  0
 2.5000000      6.5000000      1.5000000     -2.5758300     -.48927964     0.22345312                  2
 1.5000000      2.5000000      5.5000000     -.48173000     0.49874699     0.22875089                  0
 6.5000000      6.5000000      5.5000000     -1.5981900     -.19740125     0.22735244                  1
 3.5000000      2.5000000      8.5000000      1.0581200     0.34121238     0.22896783                  0
 8.5000000     0.50000000     0.50000000      1.8119100     0.55806992     0.25540182                 -1
 6.5000000      4.5000000      9.5000000     -.82389000     -.22576106     0.22682786                  0
 7.5000000      1.5000000      1.5000000     0.34513000     0.74361732     0.22868079                  0
 3.5000000      8.5000000     0.50000000     -.69031000     -.56765528     0.23609077                  0
 9.5000000      2.5000000      5.5000000     -.37186000     0.62313038E-01 0.22922472                  0
 3.5000000      3.5000000      3.5000000     -.21470000     0.21259313     0.22137119                  0
 5.5000000      6.5000000      2.5000000     0.29237000     -.33243219     0.22725992                  0
 4.5000000      9.5000000     0.50000000     -1.3722000     -.26258203     0.24540719                  1
 2.5000000      5.5000000      3.5000000     -.85962000     -.28398540     0.22437205                  0
0.50000000      4.5000000     0.50000000     -.62710000E-01 -.95694789E-01 0.23534024                  0
 4.5000000      4.5000000      8.5000000     -.26631000     -.62970741E-01 0.22408259                  0
 8.5000000      9.5000000      8.5000000     -.87840000E-01 -.58977439E-01 0.24117223                  0
 7.5000000     0.50000000      6.5000000     0.89647000     0.52673115     0.24106522                  0
 9.5000000      3.5000000      4.5000000     -.11304000     0.82859514E-02 0.23303862                  0
 7.5000000      6.5000000     0.50000000     0.37186000     -.25136748     0.22943251                  0
 3.5000000      8.5000000      3.5000000     0.75542000     -.29231661     0.22584660                 -1
0.50000000      2.5000000      1.5000000     0.16366000     0.46614827     0.23267124                  0
 2.5000000      3.5000000     0.50000000     0.48173000     0.26252373     0.23129827                  0
0.50000000      5.5000000      9.5000000     -.65884000     0.41730042E-01 0.23854680                  0
 9.5000000      6.5000000      3.5000000     -.89647000     -.66457349E-01 0.23441635                  0
0.50000000      8.5000000      1.5000000     0.45376000     -.74781825     0.23498490                 -1
 7.5000000      7.5000000      9.5000000     0.62710000E-01 -.15707690     0.22752059                  0
 2.5000000      6.5000000      5.5000000     -1.2003600     -.36536021     0.22202131                  0
 5.5000000      4.5000000      7.5000000     -1.6954000     -.87076126E-01 0.22487601                  1
 1.5000000      6.5000000      8.5000000     0.39886000     -.20297948     0.22585540                  0
 8.5000000     0.50000000      9.5000000     0.59776000     0.26147461     0.26344422                  0
0.50000000      5.5000000      5.5000000     -1.3105800     -.45173205     0.22699119                  0
 5.5000000     0.50000000      4.5000000      1.5981900     0.77309019     0.22809281                  0
 2.5000000      8.5000000      9.5000000     0.42615000     -.25865706     0.24421235                  0
 1.5000000      3.5000000      1.5000000     -.13830000     0.31181505     0.22482359                  0
 3.5000000      6.5000000      4.5000000     0.11304000     -.34591340     0.22299601                  0
 2.5000000      5.5000000      7.5000000     -.53884000     -.31524520     0.22161534                  0
 1.5000000      4.5000000      9.5000000     -.72248000     -.13968534E-01 0.23680111                  0
 8.5000000      7.5000000      1.5000000     -.31864000     -.29419196     0.22867165                  0
 9.5000000      7.5000000      5.5000000     0.87840000E-01 0.34564492E-01 0.23445155                  0
 8.5000000      6.5000000      1.5000000     -1.4395300     -.27183267E-01 0.22880173                  1
 4.5000000      8.5000000      4.5000000     -1.1503500     -.97856427E-01 0.23023438                  1
 7.5000000      1.5000000      2.5000000      1.1503500     0.55179287     0.22951648                  0
 7.5000000      9.5000000      6.5000000     -.59776000     0.11431783     0.23225750                  0
 7.5000000      8.5000000      5.5000000     0.97411000     -.22059358     0.22919971                 -1
 8.5000000      9.5000000      5.5000000      1.1030600     -.25706484E-02 0.23784143                 -1
 8.5000000      1.5000000      4.5000000      1.3722000     0.21050156     0.23183894                 -1
0.50000000      8.5000000     0.50000000     -.42615000     -.55690370     0.24758332                  0
 7.5000000      8.5000000      1.5000000     -.37610000E-01 -.31467053     0.23557543                  0
 1.5000000      9.5000000      3.5000000      1.3105800     -.75780948     0.23201022                 -2
 7.5000000      4.5000000      9.5000000     -1.0152200     -.39503632     0.22540239                  0
 8.5000000      8.5000000      8.5000000     -.18912000     -.20677347E-01 0.23034788                  0
 6.5000000      1.5000000      1.5000000     0.24043000     0.66093684     0.22907252                  0
 7.5000000      4.5000000      5.5000000     -.62801000     -.27046866     0.22527955                  0
 7.5000000      8.5000000     0.50000000     -.78919000     -.27356442     0.23705221                  0
 6.5000000      4.5000000      3.5000000     -1.1030600     -.90259116E-01 0.22449245                  1
 6.5000000      7.5000000      7.5000000     -.12530000E-01 -.11631147     0.22506635                  0
 9.5000000      3.5000000     0.50000000     0.31864000     0.33858398     0.24005456                  0
 6.5000000      1.5000000      9.5000000     0.21470000     0.32291579E-01 0.24284758                  0
 3.5000000      2.5000000      3.5000000     -.39886000     0.31306353     0.22112847                  0
 5.5000000      1.5000000      4.5000000     0.85962000     0.90665341     0.21994927                  0
 1.5000000      8.5000000      4.5000000     -.56805000     -.55333362     0.23033651                  0
 4.5000000      4.5000000      8.5000000     -.24043000     -.62970741E-01 0.22408259                  0
 9.5000000      4.5000000     0.50000000     0.69031000     0.22622070E-02 0.23567457                  0
 1.5000000      3.5000000      6.5000000      1.6954000     0.61276126E-01 0.22524831                 -1
 2.5000000      6.5000000      6.5000000     0.56805000     -.42113118     0.22273064                  0
 9.5000000      6.5000000      6.5000000      1.2535700     -.26207357     0.23540907                 -1
 1.5000000      1.5000000      8.5000000      1.9599600     0.61701723     0.23958687                 -1
 7.5000000      6.5000000      8.5000000     0.82389000     -.25676660     0.22645991                 -1
 1.5000000      2.5000000     0.50000000      2.5758300     0.41372928E-01 0.23424058                 -2
 3.5000000      3.5000000      4.5000000     0.93459000     0.13215292E-01 0.22275706                  0
 1.5000000      4.5000000      7.5000000     -.51007000     -.10225181     0.22509955                  0
 2.5000000     0.50000000      8.5000000      1.0152200     0.86902380     0.24179851                  0
 2.5000000      5.5000000      1.5000000     -.75542000     -.42776463     0.22393921                  0
 8.5000000      2.5000000      5.5000000     -.97411000     0.15589681     0.22512754                  1
 7.5000000      3.5000000      9.5000000     -.93459000     -.71504557E-01 0.23246588                  0
 1.5000000      7.5000000      9.5000000     -.34513000     -.14410366     0.24020158                  0
 4.5000000      5.5000000      8.5000000     0.37610000E-01 -.25769925     0.22294229                  0
 6.5000000      8.5000000      8.5000000     0.13830000     -.39609501E-01 0.22988585                  0
 4.5000000      1.5000000      4.5000000      1.2003600     0.63084284     0.22181597                  0
 6.5000000      4.5000000      4.5000000     -.45376000     -.71407292E-01 0.22594176                  0
 4.5000000      8.5000000      3.5000000     0.51007000     -.35543429     0.22568484                  0
 2.5000000      1.5000000      1.5000000     -.29237000     0.75126083     0.23327083                  1
 9.5000000      3.5000000      2.5000000     -.16366000     0.23840169     0.23451800                  0
 4.5000000      1.5000000      7.5000000     0.18912000     0.60574567     0.22774515                  0
