Modeled Variograms (VarModel Version 1.001)
7
Variogram Index
Lag Distance
Number of Pairs
Variogram Value
Variogram Number
Calculation Azimuth
Calculation Dip
     1      0.100000         1      0.048331     1      0.000000      0.000000
     1      0.200000         1      0.096562     1      0.000000      0.000000
     1      0.300000         1      0.144592     1      0.000000      0.000000
     1      0.400000         1      0.192321     1      0.000000      0.000000
     1      0.500000         1      0.239648     1      0.000000      0.000000
     1      0.600000         1      0.286472     1      0.000000      0.000000
     1      0.700000         1      0.332694     1      0.000000      0.000000
     1      0.800000         1      0.378212     1      0.000000      0.000000
     1      0.900000         1      0.422927     1      0.000000      0.000000
     1      1.000000         1      0.466738     1      0.000000      0.000000
     1      1.100000         1      0.509544     1      0.000000      0.000000
     1      1.200000         1      0.551245     1      0.000000      0.000000
     1      1.300000         1      0.591741     1      0.000000      0.000000
     1      1.400000         1      0.630930     1      0.000000      0.000000
     1      1.500000         1      0.668714     1      0.000000      0.000000
     1      1.600000         1      0.704990     1      0.000000      0.000000
     1      1.700000         1      0.739659     1      0.000000      0.000000
     1      1.800000         1      0.772620     1      0.000000      0.000000
     1      1.900000         1      0.803773     1      0.000000      0.000000
     1      2.000000         1      0.833017     1      0.000000      0.000000
     1      2.100000         1      0.860253     1      0.000000      0.000000
     1      2.200000         1      0.885378     1      0.000000      0.000000
     1      2.300000         1      0.908294     1      0.000000      0.000000
     1      2.400000         1      0.928898     1      0.000000      0.000000
     1      2.500000         1      0.947092     1      0.000000      0.000000
     1      2.600000         1      0.962775     1      0.000000      0.000000
     1      2.700000         1      0.975845     1      0.000000      0.000000
     1      2.800000         1      0.986203     1      0.000000      0.000000
     1      2.900000         1      0.993749     1      0.000000      0.000000
     1      3.000000         1      0.998381     1      0.000000      0.000000
     1      3.100000         1      0.999999     1      0.000000      0.000000
     1      3.200000         1      1.000000     1      0.000000      0.000000
     1      3.300000         1      1.000000     1      0.000000      0.000000
     1      3.400000         1      1.000000     1      0.000000      0.000000
     1      3.500000         1      1.000000     1      0.000000      0.000000
     1      3.600000         1      1.000000     1      0.000000      0.000000
     1      3.700000         1      1.000000     1      0.000000      0.000000
     1      3.800000         1      1.000000     1      0.000000      0.000000
     1      3.900000         1      1.000000     1      0.000000      0.000000
     1      4.000000         1      1.000000     1      0.000000      0.000000
     1      4.100000         1      1.000000     1      0.000000      0.000000
     1      4.200000         1      1.000000     1      0.000000      0.000000
     1      4.300000         1      1.000000     1      0.000000      0.000000
     1      4.400000         1      1.000000     1      0.000000      0.000000
     1      4.500000         1      1.000000     1      0.000000      0.000000
     1      4.600000         1      1.000000     1      0.000000      0.000000
     1      4.700000         1      1.000000     1      0.000000      0.000000
     1      4.800000         1      1.000000     1      0.000000      0.000000
     1      4.900000         1      1.000000     1      0.000000      0.000000
     1      5.000000         1      1.000000     1      0.000000      0.000000
     1      5.100000         1      1.000000     1      0.000000      0.000000
     1      5.200000         1      1.000000     1      0.000000      0.000000
     1      5.300000         1      1.000000     1      0.000000      0.000000
     1      5.400000         1      1.000000     1      0.000000      0.000000
     1      5.500000         1      1.000000     1      0.000000      0.000000
     1      5.600000         1      1.000000     1      0.000000      0.000000
     1      5.700000         1      1.000000     1      0.000000      0.000000
     1      5.800000         1      1.000000     1      0.000000      0.000000
     1      5.900000         1      1.000000     1      0.000000      0.000000
     1      6.000000         1      1.000000     1      0.000000      0.000000
     1      6.100000         1      1.000000     1      0.000000      0.000000
     1      6.200000         1      1.000000     1      0.000000      0.000000
     1      6.300000         1      1.000000     1      0.000000      0.000000
     1      6.400000         1      1.000000     1      0.000000      0.000000
     1      6.500000         1      1.000000     1      0.000000      0.000000
     1      6.600000         1      1.000000     1      0.000000      0.000000
     1      6.700000         1      1.000000     1      0.000000      0.000000
     1      6.800000         1      1.000000     1      0.000000      0.000000
     1      6.900000         1      1.000000     1      0.000000      0.000000
     1      7.000000         1      1.000000     1      0.000000      0.000000
     1      7.100000         1      1.000000     1      0.000000      0.000000
     1      7.200000         1      1.000000     1      0.000000      0.000000
     1      7.300000         1      1.000000     1      0.000000      0.000000
     1      7.400000         1      1.000000     1      0.000000      0.000000
     1      7.500000         1      1.000000     1      0.000000      0.000000
     1      7.600000         1      1.000000     1      0.000000      0.000000
     1      7.700000         1      1.000000     1      0.000000      0.000000
     1      7.800000         1      1.000000     1      0.000000      0.000000
     1      7.900000         1      1.000000     1      0.000000      0.000000
     1      8.000000         1      1.000000     1      0.000000      0.000000
     1      8.100000         1      1.000000     1      0.000000      0.000000
     1      8.200000         1      1.000000     1      0.000000      0.000000
     1      8.300000         1      1.000000     1      0.000000      0.000000
     1      8.400000         1      1.000000     1      0.000000      0.000000
     1      8.500000         1      1.000000     1      0.000000      0.000000
     1      8.600000         1      1.000000     1      0.000000      0.000000
     1      8.700000         1      1.000000     1      0.000000      0.000000
     1      8.800000         1      1.000000     1      0.000000      0.000000
     1      8.900000         1      1.000000     1      0.000000      0.000000
     1      9.000000         1      1.000000     1      0.000000      0.000000
     1      9.100000         1      1.000000     1      0.000000      0.000000
     1      9.200000         1      1.000000     1      0.000000      0.000000
     1      9.300000         1      1.000000     1      0.000000      0.000000
     1      9.400000         1      1.000000     1      0.000000      0.000000
     1      9.500000         1      1.000000     1      0.000000      0.000000
     1      9.600000         1      1.000000     1      0.000000      0.000000
     1      9.700000         1      1.000000     1      0.000000      0.000000
     1      9.800000         1      1.000000     1      0.000000      0.000000
     1      9.900000         1      1.000000     1      0.000000      0.000000
     1     10.000000         1      1.000000     1      0.000000      0.000000
     1     10.100000         1      1.000000     1      0.000000      0.000000
     1     10.200000         1      1.000000     1      0.000000      0.000000
     1     10.300000         1      1.000000     1      0.000000      0.000000
     1     10.400000         1      1.000000     1      0.000000      0.000000
     1     10.500000         1      1.000000     1      0.000000      0.000000
     1     10.600000         1      1.000000     1      0.000000      0.000000
     1     10.700000         1      1.000000     1      0.000000      0.000000
     1     10.800000         1      1.000000     1      0.000000      0.000000
     1     10.900000         1      1.000000     1      0.000000      0.000000
     1     11.000000         1      1.000000     1      0.000000      0.000000
     1     11.100000         1      1.000000     1      0.000000      0.000000
     1     11.200000         1      1.000000     1      0.000000      0.000000
     1     11.300000         1      1.000000     1      0.000000      0.000000
     1     11.400000         1      1.000000     1      0.000000      0.000000
     1     11.500000         1      1.000000     1      0.000000      0.000000
     1     11.600000         1      1.000000     1      0.000000      0.000000
     1     11.700000         1      1.000000     1      0.000000      0.000000
     1     11.800000         1      1.000000     1      0.000000      0.000000
     1     11.900000         1      1.000000     1      0.000000      0.000000
     1     12.000000         1      1.000000     1      0.000000      0.000000
     1     12.100000         1      1.000000     1      0.000000      0.000000
     1     12.200000         1      1.000000     1      0.000000      0.000000
     1     12.300000         1      1.000000     1      0.000000      0.000000
     1     12.400000         1      1.000000     1      0.000000      0.000000
     1     12.500000         1      1.000000     1      0.000000      0.000000
     1     12.600000         1      1.000000     1      0.000000      0.000000
     1     12.700000         1      1.000000     1      0.000000      0.000000
     1     12.800000         1      1.000000     1      0.000000      0.000000
     1     12.900000         1      1.000000     1      0.000000      0.000000
     1     13.000000         1      1.000000     1      0.000000      0.000000
     1     13.100000         1      1.000000     1      0.000000      0.000000
     1     13.200000         1      1.000000     1      0.000000      0.000000
     1     13.300000         1      1.000000     1      0.000000      0.000000
     1     13.400000         1      1.000000     1      0.000000      0.000000
     1     13.500000         1      1.000000     1      0.000000      0.000000
     1     13.600000         1      1.000000     1      0.000000      0.000000
     1     13.700000         1      1.000000     1      0.000000      0.000000
     1     13.800000         1      1.000000     1      0.000000      0.000000
     1     13.900000         1      1.000000     1      0.000000      0.000000
     1     14.000000         1      1.000000     1      0.000000      0.000000
     1     14.100000         1      1.000000     1      0.000000      0.000000
     1     14.200000         1      1.000000     1      0.000000      0.000000
     1     14.300000         1      1.000000     1      0.000000      0.000000
     1     14.400000         1      1.000000     1      0.000000      0.000000
     1     14.500000         1      1.000000     1      0.000000      0.000000
     1     14.600000         1      1.000000     1      0.000000      0.000000
     1     14.700000         1      1.000000     1      0.000000      0.000000
     1     14.800000         1      1.000000     1      0.000000      0.000000
     1     14.900000         1      1.000000     1      0.000000      0.000000
     1     15.000000         1      1.000000     1      0.000000      0.000000
     2      0.100000         1      0.013574     2      0.000000    -90.000000
     2      0.200000         1      0.027145     2      0.000000    -90.000000
     2      0.300000         1      0.040712     2      0.000000    -90.000000
     2      0.400000         1      0.054272     2      0.000000    -90.000000
     2      0.500000         1      0.067824     2      0.000000    -90.000000
     2      0.600000         1      0.081364     2      0.000000    -90.000000
     2      0.700000         1      0.094891     2      0.000000    -90.000000
     2      0.800000         1      0.108403     2      0.000000    -90.000000
     2      0.900000         1      0.121896     2      0.000000    -90.000000
     2      1.000000         1      0.135370     2      0.000000    -90.000000
     2      1.100000         1      0.148821     2      0.000000    -90.000000
     2      1.200000         1      0.162248     2      0.000000    -90.000000
     2      1.300000         1      0.175649     2      0.000000    -90.000000
     2      1.400000         1      0.189020     2      0.000000    -90.000000
     2      1.500000         1      0.202360     2      0.000000    -90.000000
     2      1.600000         1      0.215667     2      0.000000    -90.000000
     2      1.700000         1      0.228938     2      0.000000    -90.000000
     2      1.800000         1      0.242172     2      0.000000    -90.000000
     2      1.900000         1      0.255365     2      0.000000    -90.000000
     2      2.000000         1      0.268517     2      0.000000    -90.000000
     2      2.100000         1      0.281623     2      0.000000    -90.000000
     2      2.200000         1      0.294684     2      0.000000    -90.000000
     2      2.300000         1      0.307695     2      0.000000    -90.000000
     2      2.400000         1      0.320655     2      0.000000    -90.000000
     2      2.500000         1      0.333562     2      0.000000    -90.000000
     2      2.600000         1      0.346413     2      0.000000    -90.000000
     2      2.700000         1      0.359206     2      0.000000    -90.000000
     2      2.800000         1      0.371939     2      0.000000    -90.000000
     2      2.900000         1      0.384610     2      0.000000    -90.000000
     2      3.000000         1      0.397217     2      0.000000    -90.000000
     2      3.100000         1      0.409757     2      0.000000    -90.000000
     2      3.200000         1      0.422228     2      0.000000    -90.000000
     2      3.300000         1      0.434628     2      0.000000    -90.000000
     2      3.400000         1      0.446954     2      0.000000    -90.000000
     2      3.500000         1      0.459205     2      0.000000    -90.000000
     2      3.600000         1      0.471378     2      0.000000    -90.000000
     2      3.700000         1      0.483471     2      0.000000    -90.000000
     2      3.800000         1      0.495482     2      0.000000    -90.000000
     2      3.900000         1      0.507408     2      0.000000    -90.000000
     2      4.000000         1      0.519248     2      0.000000    -90.000000
     2      4.100000         1      0.530998     2      0.000000    -90.000000
     2      4.200000         1      0.542658     2      0.000000    -90.000000
     2      4.300000         1      0.554224     2      0.000000    -90.000000
     2      4.400000         1      0.565695     2      0.000000    -90.000000
     2      4.500000         1      0.577067     2      0.000000    -90.000000
     2      4.600000         1      0.588340     2      0.000000    -90.000000
     2      4.700000         1      0.599510     2      0.000000    -90.000000
     2      4.800000         1      0.610576     2      0.000000    -90.000000
     2      4.900000         1      0.621536     2      0.000000    -90.000000
     2      5.000000         1      0.632386     2      0.000000    -90.000000
     2      5.100000         1      0.643125     2      0.000000    -90.000000
     2      5.200000         1      0.653751     2      0.000000    -90.000000
     2      5.300000         1      0.664261     2      0.000000    -90.000000
     2      5.400000         1      0.674653     2      0.000000    -90.000000
     2      5.500000         1      0.684925     2      0.000000    -90.000000
     2      5.600000         1      0.695075     2      0.000000    -90.000000
     2      5.700000         1      0.705101     2      0.000000    -90.000000
     2      5.800000         1      0.714999     2      0.000000    -90.000000
     2      5.900000         1      0.724769     2      0.000000    -90.000000
     2      6.000000         1      0.734408     2      0.000000    -90.000000
     2      6.100000         1      0.743913     2      0.000000    -90.000000
     2      6.200000         1      0.753283     2      0.000000    -90.000000
     2      6.300000         1      0.762514     2      0.000000    -90.000000
     2      6.400000         1      0.771606     2      0.000000    -90.000000
     2      6.500000         1      0.780556     2      0.000000    -90.000000
     2      6.600000         1      0.789361     2      0.000000    -90.000000
     2      6.700000         1      0.798019     2      0.000000    -90.000000
     2      6.800000         1      0.806528     2      0.000000    -90.000000
     2      6.900000         1      0.814886     2      0.000000    -90.000000
     2      7.000000         1      0.823091     2      0.000000    -90.000000
     2      7.100000         1      0.831140     2      0.000000    -90.000000
     2      7.200000         1      0.839031     2      0.000000    -90.000000
     2      7.300000         1      0.846762     2      0.000000    -90.000000
     2      7.400000         1      0.854331     2      0.000000    -90.000000
     2      7.500000         1      0.861735     2      0.000000    -90.000000
     2      7.600000         1      0.868973     2      0.000000    -90.000000
     2      7.700000         1      0.876042     2      0.000000    -90.000000
     2      7.800000         1      0.882939     2      0.000000    -90.000000
     2      7.900000         1      0.889663     2      0.000000    -90.000000
     2      8.000000         1      0.896211     2      0.000000    -90.000000
     2      8.100000         1      0.902582     2      0.000000    -90.000000
     2      8.200000         1      0.908772     2      0.000000    -90.000000
     2      8.300000         1      0.914781     2      0.000000    -90.000000
     2      8.400000         1      0.920604     2      0.000000    -90.000000
     2      8.500000         1      0.926241     2      0.000000    -90.000000
     2      8.600000         1      0.931689     2      0.000000    -90.000000
     2      8.700000         1      0.936946     2      0.000000    -90.000000
     2      8.800000         1      0.942009     2      0.000000    -90.000000
     2      8.900000         1      0.946877     2      0.000000    -90.000000
     2      9.000000         1      0.951547     2      0.000000    -90.000000
     2      9.100000         1      0.956016     2      0.000000    -90.000000
     2      9.200000         1      0.960284     2      0.000000    -90.000000
     2      9.300000         1      0.964347     2      0.000000    -90.000000
     2      9.400000         1      0.968203     2      0.000000    -90.000000
     2      9.500000         1      0.971850     2      0.000000    -90.000000
     2      9.600000         1      0.975286     2      0.000000    -90.000000
     2      9.700000         1      0.978508     2      0.000000    -90.000000
     2      9.800000         1      0.981515     2      0.000000    -90.000000
     2      9.900000         1      0.984304     2      0.000000    -90.000000
     2     10.000000         1      0.986873     2      0.000000    -90.000000
     2     10.100000         1      0.989220     2      0.000000    -90.000000
     2     10.200000         1      0.991342     2      0.000000    -90.000000
     2     10.300000         1      0.993237     2      0.000000    -90.000000
     2     10.400000         1      0.994903     2      0.000000    -90.000000
     2     10.500000         1      0.996338     2      0.000000    -90.000000
     2     10.600000         1      0.997540     2      0.000000    -90.000000
     2     10.700000         1      0.998506     2      0.000000    -90.000000
     2     10.800000         1      0.999234     2      0.000000    -90.000000
     2     10.900000         1      0.999722     2      0.000000    -90.000000
     2     11.000000         1      0.999968     2      0.000000    -90.000000
     2     11.100000         1      1.000000     2      0.000000    -90.000000
     2     11.200000         1      1.000000     2      0.000000    -90.000000
     2     11.300000         1      1.000000     2      0.000000    -90.000000
     2     11.400000         1      1.000000     2      0.000000    -90.000000
     2     11.500000         1      1.000000     2      0.000000    -90.000000
     2     11.600000         1      1.000000     2      0.000000    -90.000000
     2     11.700000         1      1.000000     2      0.000000    -90.000000
     2     11.800000         1      1.000000     2      0.000000    -90.000000
     2     11.900000         1      1.000000     2      0.000000    -90.000000
     2     12.000000         1      1.000000     2      0.000000    -90.000000
     2     12.100000         1      1.000000     2      0.000000    -90.000000
     2     12.200000         1      1.000000     2      0.000000    -90.000000
     2     12.300000         1      1.000000     2      0.000000    -90.000000
     2     12.400000         1      1.000000     2      0.000000    -90.000000
     2     12.500000         1      1.000000     2      0.000000    -90.000000
     2     12.600000         1      1.000000     2      0.000000    -90.000000
     2     12.700000         1      1.000000     2      0.000000    -90.000000
     2     12.800000         1      1.000000     2      0.000000    -90.000000
     2     12.900000         1      1.000000     2      0.000000    -90.000000
     2     13.000000         1      1.000000     2      0.000000    -90.000000
     2     13.100000         1      1.000000     2      0.000000    -90.000000
     2     13.200000         1      1.000000     2      0.000000    -90.000000
     2     13.300000         1      1.000000     2      0.000000    -90.000000
     2     13.400000         1      1.000000     2      0.000000    -90.000000
     2     13.500000         1      1.000000     2      0.000000    -90.000000
     2     13.600000         1      1.000000     2      0.000000    -90.000000
     2     13.700000         1      1.000000     2      0.000000    -90.000000
     2     13.800000         1      1.000000     2      0.000000    -90.000000
     2     13.900000         1      1.000000     2      0.000000    -90.000000
     2     14.000000         1      1.000000     2      0.000000    -90.000000
     2     14.100000         1      1.000000     2      0.000000    -90.000000
     2     14.200000         1      1.000000     2      0.000000    -90.000000
     2     14.300000         1      1.000000     2      0.000000    -90.000000
     2     14.400000         1      1.000000     2      0.000000    -90.000000
     2     14.500000         1      1.000000     2      0.000000    -90.000000
     2     14.600000         1      1.000000     2      0.000000    -90.000000
     2     14.700000         1      1.000000     2      0.000000    -90.000000
     2     14.800000         1      1.000000     2      0.000000    -90.000000
     2     14.900000         1      1.000000     2      0.000000    -90.000000
     2     15.000000         1      1.000000     2      0.000000    -90.000000
