Fitted Gaussian Mixture
7               3
0.000000000000000E+000  0.138128621289338
-0.661265459657397  0.335806896314186 -0.257084854435767
0.611315594662149 -3.412396336854351E-002 -5.590723838914955E-002  0.249218569463280  1.984926909603886E-002  0.686039879751068
0.000000000000000E+000  0.167146150116429
0.709891148741990  0.449216501924679 -0.112758388880927
0.620913071885284 -0.116806257848858  0.271872542027141  0.728940222173071  6.070590916949442E-002   1.15985800069477
0.000000000000000E+000  0.193010382328222
3.631338556664404E-002 -0.411148083379088 -0.761157877023644
0.530669525224396  0.424525063295751  0.135552427869666  0.625313370162393  8.435420864540021E-002  0.546129453605513
0.000000000000000E+000  0.139600216860019
-1.07375850770493 -0.724899410908895 -0.138558922246481
0.599273933036865  0.408105740999216  3.774994113761343E-002  0.841289361321051  8.101589085610153E-002  0.494045191266593
0.000000000000000E+000  8.106665992551962E-002
0.567520738493481  0.687268973115909   1.40163456882843
0.165764218405259 -5.298272931961808E-002  7.225160937167068E-003  0.410671200878969  0.134849941957166  0.133509916651527
0.000000000000000E+000  7.705456439901237E-002
1.48156472757176   1.47185823577259  0.586400824081598
0.363849296496658  9.500242356908785E-002 -4.633019815305229E-002  0.374068799371892  0.280701600940032   1.70731042234180
0.000000000000000E+000  0.203993405081460
-0.220226498851357 -0.543548782284558  0.322042658522795
0.369283619061939  0.356504852534561 -3.698445834197976E-003  0.602338998964025 -1.659925544862498E-002  0.241033612068945
